<?xml version="1.0" encoding="UTF-8"?>
<!-- Generated by org.testng.reporters.JUnitXMLReporter -->
<testsuite ignored="0" hostname="LAPTOP-FH4GGG29" failures="0" tests="64" name="Testng Assignments" time="523.212" errors="0" timestamp="2021-06-02T15:12:04 IST">
  <testcase classname="com.sgtesting.testngassignments.CreateAndDeleteUser" name="launchBrowser" time="2.537"/>
  <testcase classname="com.sgtesting.testngassignments.CreateAndDeleteUser" name="navigate" time="3.949"/>
  <testcase classname="com.sgtesting.testngassignments.CreateAndDeleteUser" name="login" time="4.364"/>
  <testcase classname="com.sgtesting.testngassignments.CreateAndDeleteUser" name="minimizeFlyOutWindow" time="1.115"/>
  <testcase classname="com.sgtesting.testngassignments.CreateAndDeleteUser" name="createUser" time="8.999"/>
  <testcase classname="com.sgtesting.testngassignments.CreateAndDeleteUser" name="deleteUser" time="7.35"/>
  <testcase classname="com.sgtesting.testngassignments.CreateAndDeleteUser" name="logout" time="0.39"/>
  <testcase classname="com.sgtesting.testngassignments.CreateAndDeleteUser" name="closeBrowser" time="0.117"/>
  <testcase classname="com.sgtesting.testngassignments.CreateModifyDeleteUser" name="entrance" time="13.826"/>
  <testcase classname="com.sgtesting.testngassignments.CreateModifyDeleteUser" name="createUser" time="7.372"/>
  <testcase classname="com.sgtesting.testngassignments.CreateModifyDeleteUser" name="modifyUser" time="6.311"/>
  <testcase classname="com.sgtesting.testngassignments.CreateModifyDeleteUser" name="deleteUser" time="6.361"/>
  <testcase classname="com.sgtesting.testngassignments.CreateModifyDeleteUser" name="exit" time="2.603"/>
  <testcase classname="com.sgtesting.testngassignments.CreateAndDeleteCustomer" name="entrance" time="15.084"/>
  <testcase classname="com.sgtesting.testngassignments.CreateAndDeleteCustomer" name="createCustomer" time="7.057"/>
  <testcase classname="com.sgtesting.testngassignments.CreateAndDeleteCustomer" name="deleteCustomer" time="6.594"/>
  <testcase classname="com.sgtesting.testngassignments.CreateAndDeleteCustomer" name="exit" time="2.567"/>
  <testcase classname="com.sgtesting.testngassignments.CreateModifyDeleteCustomer" name="entrance" time="11.96"/>
  <testcase classname="com.sgtesting.testngassignments.CreateModifyDeleteCustomer" name="createCustomer" time="7.071"/>
  <testcase classname="com.sgtesting.testngassignments.CreateModifyDeleteCustomer" name="modifyCustomer" time="6.637"/>
  <testcase classname="com.sgtesting.testngassignments.CreateModifyDeleteCustomer" name="deleteCustomer" time="6.54"/>
  <testcase classname="com.sgtesting.testngassignments.CreateModifyDeleteCustomer" name="exit" time="2.614"/>
  <testcase classname="com.sgtesting.testngassignments.CreateCustomerProjectDeleteProjectCustomer" name="entrance" time="12.864"/>
  <testcase classname="com.sgtesting.testngassignments.CreateCustomerProjectDeleteProjectCustomer" name="createCustomer" time="6.28"/>
  <testcase classname="com.sgtesting.testngassignments.CreateCustomerProjectDeleteProjectCustomer" name="createProject" time="4.544"/>
  <testcase classname="com.sgtesting.testngassignments.CreateCustomerProjectDeleteProjectCustomer" name="deleteProject" time="8.555"/>
  <testcase classname="com.sgtesting.testngassignments.CreateCustomerProjectDeleteProjectCustomer" name="deleteCustomer" time="4.542"/>
  <testcase classname="com.sgtesting.testngassignments.CreateCustomerProjectDeleteProjectCustomer" name="exit" time="3.015"/>
  <testcase classname="com.sgtesting.testngassignments.CreateCustomerProjectModifyProjectDeleteProjectCustomer" name="entrance" time="12.309"/>
  <testcase classname="com.sgtesting.testngassignments.CreateCustomerProjectModifyProjectDeleteProjectCustomer" name="createCustomer" time="6.108"/>
  <testcase classname="com.sgtesting.testngassignments.CreateCustomerProjectModifyProjectDeleteProjectCustomer" name="createProject" time="4.566"/>
  <testcase classname="com.sgtesting.testngassignments.CreateCustomerProjectModifyProjectDeleteProjectCustomer" name="modifyProject" time="6.68"/>
  <testcase classname="com.sgtesting.testngassignments.CreateCustomerProjectModifyProjectDeleteProjectCustomer" name="deleteProject" time="8.548"/>
  <testcase classname="com.sgtesting.testngassignments.CreateCustomerProjectModifyProjectDeleteProjectCustomer" name="deleteCustomer" time="4.559"/>
  <testcase classname="com.sgtesting.testngassignments.CreateCustomerProjectModifyProjectDeleteProjectCustomer" name="exit" time="2.735"/>
  <testcase classname="com.sgtesting.testngassignments.CreateCustomerProjectTasksDeleteTasks" name="entrance" time="11.289"/>
  <testcase classname="com.sgtesting.testngassignments.CreateCustomerProjectTasksDeleteTasks" name="createCustomer" time="6.12"/>
  <testcase classname="com.sgtesting.testngassignments.CreateCustomerProjectTasksDeleteTasks" name="createProject" time="4.547"/>
  <testcase classname="com.sgtesting.testngassignments.CreateCustomerProjectTasksDeleteTasks" name="createTask" time="12.144"/>
  <testcase classname="com.sgtesting.testngassignments.CreateCustomerProjectTasksDeleteTasks" name="deleteTask" time="17.388"/>
  <testcase classname="com.sgtesting.testngassignments.CreateCustomerProjectTasksDeleteTasks" name="deleteCustomer" time="4.594"/>
  <testcase classname="com.sgtesting.testngassignments.CreateCustomerProjectTasksDeleteTasks" name="exit" time="2.553"/>
  <testcase classname="com.sgtesting.testngassignments.Create3Users" name="entrance" time="11.787"/>
  <testcase classname="com.sgtesting.testngassignments.Create3Users" name="create3Users" time="14.396"/>
  <testcase classname="com.sgtesting.testngassignments.Create3Users" name="loginandlogoutuser1" time="12.397"/>
  <testcase classname="com.sgtesting.testngassignments.Create3Users" name="loginandlogoutuser2" time="10.011"/>
  <testcase classname="com.sgtesting.testngassignments.Create3Users" name="loginandlogoutuser3" time="9.927"/>
  <testcase classname="com.sgtesting.testngassignments.Create3Users" name="deleteUser" time="23.28"/>
  <testcase classname="com.sgtesting.testngassignments.Create3Users" name="exit" time="2.653"/>
  <testcase classname="com.sgtesting.testngassignments.AdvancedAssignment2" name="entrance" time="13.399"/>
  <testcase classname="com.sgtesting.testngassignments.AdvancedAssignment2" name="createUser1" time="9.256"/>
  <testcase classname="com.sgtesting.testngassignments.AdvancedAssignment2" name="loginuser1" time="5.66"/>
  <testcase classname="com.sgtesting.testngassignments.AdvancedAssignment2" name="createUser2" time="9.489"/>
  <testcase classname="com.sgtesting.testngassignments.AdvancedAssignment2" name="loginuser2" time="5.555"/>
  <testcase classname="com.sgtesting.testngassignments.AdvancedAssignment2" name="createUser3" time="13.959"/>
  <testcase classname="com.sgtesting.testngassignments.AdvancedAssignment2" name="modifyUser1" time="15.351"/>
  <testcase classname="com.sgtesting.testngassignments.AdvancedAssignment2" name="loginModifieduser1" time="4.981"/>
  <testcase classname="com.sgtesting.testngassignments.AdvancedAssignment2" name="modifyUser2" time="15.24"/>
  <testcase classname="com.sgtesting.testngassignments.AdvancedAssignment2" name="loginModifieduser2" time="5.009"/>
  <testcase classname="com.sgtesting.testngassignments.AdvancedAssignment2" name="modifyUser3" time="15.27"/>
  <testcase classname="com.sgtesting.testngassignments.AdvancedAssignment2" name="deleteuser3" time="16.817"/>
  <testcase classname="com.sgtesting.testngassignments.AdvancedAssignment2" name="deleteuser2" time="16.932"/>
  <testcase classname="com.sgtesting.testngassignments.AdvancedAssignment2" name="deleteuser1" time="11.599"/>
  <testcase classname="com.sgtesting.testngassignments.AdvancedAssignment2" name="exit" time="4.648"/>
</testsuite> <!-- Testng Assignments -->
